22:44:49: Creating resource group General
22:44:49: Creating resource group Internal
22:44:49: Creating resource group Autodetect
22:44:49: SceneManagerFactory for type 'DefaultSceneManager' registered.
22:44:49: Registering ResourceManager for type Material
22:44:49: Registering ResourceManager for type Mesh
22:44:49: Registering ResourceManager for type Skeleton
22:44:49: MovableObjectFactory for type 'ParticleSystem' registered.
22:44:49: ArchiveFactory for archive type FileSystem registered.
22:44:49: ArchiveFactory for archive type Zip registered.
22:44:49: ArchiveFactory for archive type EmbeddedZip registered.
22:44:49: DDS codec registering
22:44:49: FreeImage version: 3.17.0
22:44:49: This program uses FreeImage, a free, open source image library supporting all common bitmap formats. See http://freeimage.sourceforge.net for details
22:44:49: Supported formats: bmp,ico,jpg,jif,jpeg,jpe,jng,koa,iff,lbm,mng,pbm,pbm,pcd,pcx,pgm,pgm,png,ppm,ppm,ras,tga,targa,tif,tiff,wap,wbmp,wbm,psd,cut,xbm,xpm,gif,hdr,sgi,rgb,rgba,bw,exr,j2k,j2c,jp2,pfm,pct,pict,pic,3fr,arw,bay,bmq,cap,cine,cr2,crw,cs1,dc2,dcr,drf,dsc,dng,erf,fff,ia,iiq,k25,kc2,kdc,mdc,mef,mos,mrw,nef,nrw,orf,pef,ptx,pxn,qtk,raf,raw,rdc,rw2,rwl,rwz,sr2,srf,srw,sti,x3f,webp,jxr,wdp,hdp
22:44:49: Registering ResourceManager for type HighLevelGpuProgram
22:44:49: Registering ResourceManager for type Compositor
22:44:49: MovableObjectFactory for type 'Entity' registered.
22:44:49: MovableObjectFactory for type 'Light' registered.
22:44:49: MovableObjectFactory for type 'BillboardSet' registered.
22:44:49: MovableObjectFactory for type 'ManualObject' registered.
22:44:49: MovableObjectFactory for type 'BillboardChain' registered.
22:44:49: MovableObjectFactory for type 'RibbonTrail' registered.
22:44:49: Loading library /usr/local/lib/OGRE/RenderSystem_GL
22:44:49: Installing plugin: GL RenderSystem
22:44:49: OpenGL Rendering Subsystem created.
22:44:49: Plugin successfully installed
22:44:49: Loading library /usr/local/lib/OGRE/Plugin_ParticleFX
22:44:49: Installing plugin: ParticleFX
22:44:49: Particle Emitter Type 'Point' registered
22:44:49: Particle Emitter Type 'Box' registered
22:44:49: Particle Emitter Type 'Ellipsoid' registered
22:44:49: Particle Emitter Type 'Cylinder' registered
22:44:49: Particle Emitter Type 'Ring' registered
22:44:49: Particle Emitter Type 'HollowEllipsoid' registered
22:44:49: Particle Affector Type 'LinearForce' registered
22:44:49: Particle Affector Type 'ColourFader' registered
22:44:49: Particle Affector Type 'ColourFader2' registered
22:44:49: Particle Affector Type 'ColourImage' registered
22:44:49: Particle Affector Type 'ColourInterpolator' registered
22:44:49: Particle Affector Type 'Scaler' registered
22:44:49: Particle Affector Type 'Rotator' registered
22:44:49: Particle Affector Type 'DirectionRandomiser' registered
22:44:49: Particle Affector Type 'DeflectorPlane' registered
22:44:49: Plugin successfully installed
22:44:49: Loading library /usr/local/lib/OGRE/Plugin_BSPSceneManager
22:44:49: Installing plugin: BSP Scene Manager
22:44:49: Plugin successfully installed
22:44:49: Loading library /usr/local/lib/OGRE/Plugin_CgProgramManager
22:44:49: Installing plugin: Cg Program Manager
22:44:49: Plugin successfully installed
22:44:49: Loading library /usr/local/lib/OGRE/Plugin_PCZSceneManager
22:44:49: Installing plugin: Portal Connected Zone Scene Manager
22:44:49: PCZone Factory Type 'ZoneType_Default' registered
22:44:49: Plugin successfully installed
22:44:49: Loading library /usr/local/lib/OGRE/Plugin_OctreeZone
22:44:49: Installing plugin: Octree Zone Factory
22:44:49: Plugin successfully installed
22:44:49: Loading library /usr/local/lib/OGRE/Plugin_OctreeSceneManager
22:44:49: Installing plugin: Octree Scene Manager
22:44:49: Plugin successfully installed
22:44:49: *-*-* OGRE Initialising
22:44:49: *-*-* Version 1.9.0 (Ghadamon)
22:44:49: Added resource location '/usr/local/share/OGRE/Media/thumbnails' of type 'FileSystem' to resource group 'General'
22:44:49: Added resource location '/usr/local/share/OGRE/Media/packs/SdkTrays.zip' of type 'Zip' to resource group 'General'
22:44:49: Added resource location '/usr/local/share/OGRE/Media/packs/profiler.zip' of type 'Zip' to resource group 'General'
22:44:49: Added resource location '/usr/local/share/OGRE/Media' of type 'FileSystem' to resource group 'General'
22:44:49: Added resource location '/usr/local/share/OGRE/Media/fonts' of type 'FileSystem' to resource group 'General'
22:44:49: Added resource location '/usr/local/share/OGRE/Media/materials/programs' of type 'FileSystem' to resource group 'General'
22:44:49: Added resource location '/usr/local/share/OGRE/Media/materials/programs/Cg' of type 'FileSystem' to resource group 'General'
22:44:49: Added resource location '/usr/local/share/OGRE/Media/materials/programs/GLSL' of type 'FileSystem' to resource group 'General'
22:44:49: Added resource location '/usr/local/share/OGRE/Media/materials/programs/GLSL150' of type 'FileSystem' to resource group 'General'
22:44:49: Added resource location '/usr/local/share/OGRE/Media/materials/programs/GLSL400' of type 'FileSystem' to resource group 'General'
22:44:49: Added resource location '/usr/local/share/OGRE/Media/materials/programs/HLSL' of type 'FileSystem' to resource group 'General'
22:44:49: Added resource location '/usr/local/share/OGRE/Media/materials/programs/HLSL_Cg' of type 'FileSystem' to resource group 'General'
22:44:49: Added resource location '/usr/local/share/OGRE/Media/materials/scripts' of type 'FileSystem' to resource group 'General'
22:44:49: Added resource location '/usr/local/share/OGRE/Media/materials/textures' of type 'FileSystem' to resource group 'General'
22:44:49: Added resource location '/usr/local/share/OGRE/Media/materials/textures/nvidia' of type 'FileSystem' to resource group 'General'
22:44:49: Added resource location '/usr/local/share/OGRE/Media/models' of type 'FileSystem' to resource group 'General'
22:44:49: Added resource location '/usr/local/share/OGRE/Media/particle' of type 'FileSystem' to resource group 'General'
22:44:49: Added resource location '/usr/local/share/OGRE/Media/DeferredShadingMedia' of type 'FileSystem' to resource group 'General'
22:44:49: Added resource location '/usr/local/share/OGRE/Media/PCZAppMedia' of type 'FileSystem' to resource group 'General'
22:44:49: Added resource location '/usr/local/share/OGRE/Media/RTShaderLib' of type 'FileSystem' to resource group 'General'
22:44:49: Added resource location '/usr/local/share/OGRE/Media/RTShaderLib/GLSL' of type 'FileSystem' to resource group 'General'
22:44:49: Added resource location '/usr/local/share/OGRE/Media/RTShaderLib/GLSL150' of type 'FileSystem' to resource group 'General'
22:44:49: Added resource location '/usr/local/share/OGRE/Media/RTShaderLib/HLSL_Cg' of type 'FileSystem' to resource group 'General'
22:44:49: Added resource location '/usr/local/share/OGRE/Media/RTShaderLib/materials' of type 'FileSystem' to resource group 'General'
22:44:49: Added resource location '/usr/local/share/OGRE/Media/materials/scripts/SSAO' of type 'FileSystem' to resource group 'General'
22:44:49: Added resource location '/usr/local/share/OGRE/Media/materials/textures/SSAO' of type 'FileSystem' to resource group 'General'
22:44:49: Added resource location '/usr/local/share/OGRE/Media/volumeTerrain' of type 'FileSystem' to resource group 'General'
22:44:49: Added resource location '/home/orion996/Documents/CS/CS381FinalProject/ONE/assets' of type 'FileSystem' to resource group 'General'
22:44:49: Added resource location '/home/orion996/Documents/CS/CS381FinalProject/ONE/assets/New_Materials' of type 'FileSystem' to resource group 'General'
22:44:49: Added resource location '/home/orion996/Documents/CS/CS381FinalProject/ONE/assets/OGRE_MESHES' of type 'FileSystem' to resource group 'General'
22:44:49: Added resource location '/home/dmitri/eclipse-workspace/FINAL/CS381FinalProject/ONE/assets' of type 'FileSystem' to resource group 'General'
22:44:49: Added resource location '/home/dmitri/eclipse-workspace/FINAL/CS381FinalProject/ONE/assets/New_Materials' of type 'FileSystem' to resource group 'General'
22:44:49: Added resource location '/home/dmitri/eclipse-workspace/FINAL/CS381FinalProject/ONE/assets/OGRE_MESHES' of type 'FileSystem' to resource group 'General'
22:44:49: Added resource location '/usr/local/share/OGRE/Media/packs/cubemap.zip' of type 'Zip' to resource group 'General'
22:44:49: Added resource location '/usr/local/share/OGRE/Media/packs/cubemapsJS.zip' of type 'Zip' to resource group 'General'
22:44:49: Added resource location '/usr/local/share/OGRE/Media/packs/dragon.zip' of type 'Zip' to resource group 'General'
22:44:49: Added resource location '/usr/local/share/OGRE/Media/packs/fresneldemo.zip' of type 'Zip' to resource group 'General'
22:44:49: Added resource location '/usr/local/share/OGRE/Media/packs/ogretestmap.zip' of type 'Zip' to resource group 'General'
22:44:49: Added resource location '/usr/local/share/OGRE/Media/packs/ogredance.zip' of type 'Zip' to resource group 'General'
22:44:49: Added resource location '/usr/local/share/OGRE/Media/packs/Sinbad.zip' of type 'Zip' to resource group 'General'
22:44:49: Added resource location '/usr/local/share/OGRE/Media/packs/skybox.zip' of type 'Zip' to resource group 'General'
22:44:49: Added resource location '/usr/local/share/OGRE/Media/volumeTerrain/volumeTerrainBig.zip' of type 'Zip' to resource group 'General'
22:44:49: Added resource location '/usr/local/Tests/Media' of type 'FileSystem' to resource group 'General'
22:44:49: Added resource location '../381/meshes' of type 'FileSystem' to resource group 'General'
22:44:49: Added resource location '../381/material/programs' of type 'FileSystem' to resource group 'General'
22:44:49: Added resource location '../381/material/textures' of type 'FileSystem' to resource group 'General'
22:44:49: Added resource location '../381/material/scripts' of type 'FileSystem' to resource group 'General'
22:44:49: CPU Identifier & Features
22:44:49: -------------------------
22:44:49:  *   CPU ID: GenuineIntel: Intel(R) Core(TM) i3-3120M CPU @ 2.50GHz
22:44:49:  *      SSE: yes
22:44:49:  *     SSE2: yes
22:44:49:  *     SSE3: yes
22:44:49:  *      MMX: yes
22:44:49:  *   MMXEXT: yes
22:44:49:  *    3DNOW: no
22:44:49:  * 3DNOWEXT: no
22:44:49:  *     CMOV: yes
22:44:49:  *      TSC: yes
22:44:49:  *      FPU: yes
22:44:49:  *      PRO: yes
22:44:49:  *       HT: no
22:44:49: -------------------------
22:44:49: ******************************
*** Starting GLX Subsystem ***
******************************
22:44:49: Registering ResourceManager for type Texture
22:44:49: GLRenderSystem::_createRenderWindow "CS381 Game Engine Version 1.0", 1920x1080 windowed  miscParams: FSAA=0 displayFrequency=54 Hz gamma=No vsync=No 
22:44:49: GLXWindow::create used FBConfigID = 169
22:44:49: GL_VERSION = 3.0 Mesa 18.0.5
22:44:49: GL_VENDOR = Intel Open Source Technology Center
22:44:49: GL_RENDERER = Mesa DRI Intel(R) Ivybridge Mobile 
22:44:49: GL_EXTENSIONS = GL_3DFX_texture_compression_FXT1 GL_AMD_conservative_depth GL_AMD_draw_buffers_blend GL_AMD_seamless_cubemap_per_texture GL_AMD_shader_trinary_minmax GL_ANGLE_texture_compression_dxt3 GL_ANGLE_texture_compression_dxt5 GL_APPLE_object_purgeable GL_APPLE_packed_pixels GL_ARB_ES2_compatibility GL_ARB_ES3_compatibility GL_ARB_arrays_of_arrays GL_ARB_blend_func_extended GL_ARB_buffer_storage GL_ARB_clear_buffer_object GL_ARB_clear_texture GL_ARB_clip_control GL_ARB_color_buffer_float GL_ARB_compressed_texture_pixel_storage GL_ARB_compute_shader GL_ARB_conditional_render_inverted GL_ARB_conservative_depth GL_ARB_copy_buffer GL_ARB_copy_image GL_ARB_cull_distance GL_ARB_debug_output GL_ARB_depth_buffer_float GL_ARB_depth_clamp GL_ARB_depth_texture GL_ARB_derivative_control GL_ARB_draw_buffers GL_ARB_draw_buffers_blend GL_ARB_draw_elements_base_vertex GL_ARB_draw_instanced GL_ARB_explicit_attrib_location GL_ARB_explicit_uniform_location GL_ARB_fragment_coord_conventions GL_ARB_fragment_program GL_ARB_fragment_program_shadow GL_ARB_fragment_shader GL_ARB_framebuffer_no_attachments GL_ARB_framebuffer_object GL_ARB_framebuffer_sRGB GL_ARB_get_program_binary GL_ARB_get_texture_sub_image GL_ARB_half_float_pixel GL_ARB_half_float_vertex GL_ARB_instanced_arrays GL_ARB_internalformat_query GL_ARB_internalformat_query2 GL_ARB_invalidate_subdata GL_ARB_map_buffer_alignment GL_ARB_map_buffer_range GL_ARB_multi_bind GL_ARB_multisample GL_ARB_multitexture GL_ARB_occlusion_query GL_ARB_occlusion_query2 GL_ARB_pipeline_statistics_query GL_ARB_pixel_buffer_object GL_ARB_point_parameters GL_ARB_point_sprite GL_ARB_polygon_offset_clamp GL_ARB_program_interface_query GL_ARB_provoking_vertex GL_ARB_robustness GL_ARB_sample_shading GL_ARB_sampler_objects GL_ARB_seamless_cube_map GL_ARB_seamless_cubemap_per_texture GL_ARB_separate_shader_objects GL_ARB_shader_atomic_counter_ops GL_ARB_shader_atomic_counters GL_ARB_shader_bit_encoding GL_ARB_shader_clock GL_ARB_shader_draw_parameters GL_ARB_shader_group_vote GL_ARB_shader_image_load_store GL_ARB_shader_image_size GL_ARB_shader_objects GL_ARB_shader_precision GL_ARB_shader_storage_buffer_object GL_ARB_shader_texture_image_samples GL_ARB_shader_texture_lod GL_ARB_shading_language_100 GL_ARB_shading_language_420pack GL_ARB_shading_language_packing GL_ARB_shadow GL_ARB_sync GL_ARB_texture_barrier GL_ARB_texture_border_clamp GL_ARB_texture_compression GL_ARB_texture_compression_bptc GL_ARB_texture_compression_rgtc GL_ARB_texture_cube_map GL_ARB_texture_cube_map_array GL_ARB_texture_env_add GL_ARB_texture_env_combine GL_ARB_texture_env_crossbar GL_ARB_texture_env_dot3 GL_ARB_texture_filter_anisotropic GL_ARB_texture_float GL_ARB_texture_gather GL_ARB_texture_mirror_clamp_to_edge GL_ARB_texture_mirrored_repeat GL_ARB_texture_multisample GL_ARB_texture_non_power_of_two GL_ARB_texture_query_levels GL_ARB_texture_query_lod GL_ARB_texture_rectangle GL_ARB_texture_rg GL_ARB_texture_rgb10_a2ui GL_ARB_texture_storage GL_ARB_texture_storage_multisample GL_ARB_texture_swizzle GL_ARB_texture_view GL_ARB_timer_query GL_ARB_transform_feedback2 GL_ARB_transform_feedback3 GL_ARB_transform_feedback_instanced GL_ARB_transform_feedback_overflow_query GL_ARB_transpose_matrix GL_ARB_uniform_buffer_object GL_ARB_vertex_array_bgra GL_ARB_vertex_array_object GL_ARB_vertex_attrib_binding GL_ARB_vertex_buffer_object GL_ARB_vertex_program GL_ARB_vertex_shader GL_ARB_vertex_type_10f_11f_11f_rev GL_ARB_vertex_type_2_10_10_10_rev GL_ARB_window_pos GL_ATI_blend_equation_separate GL_ATI_draw_buffers GL_ATI_separate_stencil GL_ATI_texture_env_combine3 GL_ATI_texture_float GL_EXT_abgr GL_EXT_bgra GL_EXT_blend_color GL_EXT_blend_equation_separate GL_EXT_blend_func_separate GL_EXT_blend_minmax GL_EXT_blend_subtract GL_EXT_compiled_vertex_array GL_EXT_copy_texture GL_EXT_draw_buffers2 GL_EXT_draw_instanced GL_EXT_draw_range_elements GL_EXT_fog_coord GL_EXT_framebuffer_blit GL_EXT_framebuffer_multisample GL_EXT_framebuffer_multisample_blit_scaled GL_EXT_framebuffer_object GL_EXT_framebuffer_sRGB GL_EXT_gpu_program_parameters GL_EXT_multi_draw_arrays GL_EXT_packed_depth_stencil GL_EXT_packed_float GL_EXT_packed_pixels GL_EXT_pixel_buffer_object GL_EXT_point_parameters GL_EXT_polygon_offset GL_EXT_polygon_offset_clamp GL_EXT_provoking_vertex GL_EXT_rescale_normal GL_EXT_secondary_color GL_EXT_separate_specular_color GL_EXT_shader_integer_mix GL_EXT_shader_samples_identical GL_EXT_shadow_funcs GL_EXT_stencil_two_side GL_EXT_stencil_wrap GL_EXT_subtexture GL_EXT_texture GL_EXT_texture3D GL_EXT_texture_array GL_EXT_texture_compression_dxt1 GL_EXT_texture_compression_rgtc GL_EXT_texture_compression_s3tc GL_EXT_texture_cube_map GL_EXT_texture_edge_clamp GL_EXT_texture_env_add GL_EXT_texture_env_combine GL_EXT_texture_env_dot3 GL_EXT_texture_filter_anisotropic GL_EXT_texture_integer GL_EXT_texture_lod_bias GL_EXT_texture_object GL_EXT_texture_rectangle GL_EXT_texture_sRGB GL_EXT_texture_sRGB_decode GL_EXT_texture_shared_exponent GL_EXT_texture_snorm GL_EXT_texture_swizzle GL_EXT_timer_query GL_EXT_transform_feedback GL_EXT_vertex_array GL_EXT_vertex_array_bgra GL_IBM_multimode_draw_arrays GL_IBM_rasterpos_clip GL_IBM_texture_mirrored_repeat GL_INGR_blend_func_separate GL_INTEL_performance_query GL_KHR_blend_equation_advanced GL_KHR_context_flush_control GL_KHR_debug GL_KHR_no_error GL_KHR_robustness GL_MESA_pack_invert GL_MESA_shader_integer_functions GL_MESA_texture_signed_rgba GL_MESA_window_pos GL_NV_blend_square GL_NV_conditional_render GL_NV_depth_clamp GL_NV_light_max_exponent GL_NV_packed_depth_stencil GL_NV_primitive_restart GL_NV_texgen_reflection GL_NV_texture_barrier GL_NV_texture_env_combine4 GL_NV_texture_rectangle GL_OES_EGL_image GL_OES_read_format GL_S3_s3tc GL_SGIS_generate_mipmap GL_SGIS_texture_border_clamp GL_SGIS_texture_edge_clamp GL_SGIS_texture_lod GL_SUN_multi_draw_arrays 
22:44:49: Supported GLX extensions: GLX_ARB_create_context GLX_ARB_create_context_profile GLX_ARB_create_context_robustness GLX_ARB_fbconfig_float GLX_ARB_framebuffer_sRGB GLX_ARB_get_proc_address GLX_ARB_multisample GLX_EXT_buffer_age GLX_EXT_create_context_es2_profile GLX_EXT_create_context_es_profile GLX_EXT_fbconfig_packed_float GLX_EXT_framebuffer_sRGB GLX_EXT_import_context GLX_EXT_texture_from_pixmap GLX_EXT_visual_info GLX_EXT_visual_rating GLX_INTEL_swap_event GLX_MESA_copy_sub_buffer GLX_MESA_multithread_makecurrent GLX_MESA_query_renderer GLX_MESA_swap_control GLX_OML_swap_method GLX_OML_sync_control GLX_SGIS_multisample GLX_SGIX_fbconfig GLX_SGIX_pbuffer GLX_SGIX_visual_select_group GLX_SGI_make_current_read GLX_SGI_swap_control GLX_SGI_video_sync 
22:44:49: ***************************
22:44:49: *** GL Renderer Started ***
22:44:49: ***************************
22:44:49: Registering ResourceManager for type GpuProgram
22:44:49: GLSL support detected
22:44:49: GL: Using GL_EXT_framebuffer_object for rendering to textures (best)
22:44:49: FBO PF_UNKNOWN depth/stencil support: D0S1 D0S4 D0S8 D0S16 D16S0 D16S1 D16S4 D16S8 D16S16 D24S0 D24S1 D24S4 D24S8 D24S16 D32S0 D32S1 D32S4 D32S8 D32S16 Packed-D24S8 
22:44:49: FBO PF_L8 depth/stencil support: D0S0 D0S1 D0S4 D0S8 D0S16 D16S0 D16S1 D16S4 D16S8 D16S16 D24S0 D24S1 D24S4 D24S8 D24S16 D32S0 D32S1 D32S4 D32S8 D32S16 Packed-D24S8 
22:44:49: FBO PF_L16 depth/stencil support: D0S0 D0S1 D0S4 D0S8 D0S16 D16S0 D16S1 D16S4 D16S8 D16S16 D24S0 D24S1 D24S4 D24S8 D24S16 D32S0 D32S1 D32S4 D32S8 D32S16 Packed-D24S8 
22:44:49: FBO PF_A8 depth/stencil support: D0S0 D0S1 D0S4 D0S8 D0S16 D16S0 D16S1 D16S4 D16S8 D16S16 D24S0 D24S1 D24S4 D24S8 D24S16 D32S0 D32S1 D32S4 D32S8 D32S16 Packed-D24S8 
22:44:49: FBO PF_R5G6B5 depth/stencil support: D0S0 D0S1 D0S4 D0S8 D0S16 D16S0 D16S1 D16S4 D16S8 D16S16 D24S0 D24S1 D24S4 D24S8 D24S16 D32S0 D32S1 D32S4 D32S8 D32S16 Packed-D24S8 
22:44:49: FBO PF_B5G6R5 depth/stencil support: D0S0 D0S1 D0S4 D0S8 D0S16 D16S0 D16S1 D16S4 D16S8 D16S16 D24S0 D24S1 D24S4 D24S8 D24S16 D32S0 D32S1 D32S4 D32S8 D32S16 Packed-D24S8 
22:44:49: FBO PF_A4R4G4B4 depth/stencil support: D0S0 D0S1 D0S4 D0S8 D0S16 D16S0 D16S1 D16S4 D16S8 D16S16 D24S0 D24S1 D24S4 D24S8 D24S16 D32S0 D32S1 D32S4 D32S8 D32S16 Packed-D24S8 
22:44:49: FBO PF_A1R5G5B5 depth/stencil support: D0S0 D0S1 D0S4 D0S8 D0S16 D16S0 D16S1 D16S4 D16S8 D16S16 D24S0 D24S1 D24S4 D24S8 D24S16 D32S0 D32S1 D32S4 D32S8 D32S16 Packed-D24S8 
22:44:49: FBO PF_R8G8B8 depth/stencil support: D0S0 D0S1 D0S4 D0S8 D0S16 D16S0 D16S1 D16S4 D16S8 D16S16 D24S0 D24S1 D24S4 D24S8 D24S16 D32S0 D32S1 D32S4 D32S8 D32S16 Packed-D24S8 
22:44:49: FBO PF_B8G8R8 depth/stencil support: D0S0 D0S1 D0S4 D0S8 D0S16 D16S0 D16S1 D16S4 D16S8 D16S16 D24S0 D24S1 D24S4 D24S8 D24S16 D32S0 D32S1 D32S4 D32S8 D32S16 Packed-D24S8 
22:44:49: FBO PF_A8R8G8B8 depth/stencil support: D0S0 D0S1 D0S4 D0S8 D0S16 D16S0 D16S1 D16S4 D16S8 D16S16 D24S0 D24S1 D24S4 D24S8 D24S16 D32S0 D32S1 D32S4 D32S8 D32S16 Packed-D24S8 
22:44:49: FBO PF_B8G8R8A8 depth/stencil support: D0S0 D0S1 D0S4 D0S8 D0S16 D16S0 D16S1 D16S4 D16S8 D16S16 D24S0 D24S1 D24S4 D24S8 D24S16 D32S0 D32S1 D32S4 D32S8 D32S16 Packed-D24S8 
22:44:49: FBO PF_A2R10G10B10 depth/stencil support: D0S0 D0S1 D0S4 D0S8 D0S16 D16S0 D16S1 D16S4 D16S8 D16S16 D24S0 D24S1 D24S4 D24S8 D24S16 D32S0 D32S1 D32S4 D32S8 D32S16 Packed-D24S8 
22:44:49: FBO PF_A2B10G10R10 depth/stencil support: D0S0 D0S1 D0S4 D0S8 D0S16 D16S0 D16S1 D16S4 D16S8 D16S16 D24S0 D24S1 D24S4 D24S8 D24S16 D32S0 D32S1 D32S4 D32S8 D32S16 Packed-D24S8 
22:44:49: FBO PF_FLOAT16_RGB depth/stencil support: D0S0 D0S1 D0S4 D0S8 D0S16 D16S0 D16S1 D16S4 D16S8 D16S16 D24S0 D24S1 D24S4 D24S8 D24S16 D32S0 D32S1 D32S4 D32S8 D32S16 Packed-D24S8 
22:44:49: FBO PF_FLOAT16_RGBA depth/stencil support: D0S0 D0S1 D0S4 D0S8 D0S16 D16S0 D16S1 D16S4 D16S8 D16S16 D24S0 D24S1 D24S4 D24S8 D24S16 D32S0 D32S1 D32S4 D32S8 D32S16 Packed-D24S8 
22:44:49: FBO PF_FLOAT32_RGBA depth/stencil support: D0S0 D0S1 D0S4 D0S8 D0S16 D16S0 D16S1 D16S4 D16S8 D16S16 D24S0 D24S1 D24S4 D24S8 D24S16 D32S0 D32S1 D32S4 D32S8 D32S16 Packed-D24S8 
22:44:49: FBO PF_X8R8G8B8 depth/stencil support: D0S0 D0S1 D0S4 D0S8 D0S16 D16S0 D16S1 D16S4 D16S8 D16S16 D24S0 D24S1 D24S4 D24S8 D24S16 D32S0 D32S1 D32S4 D32S8 D32S16 Packed-D24S8 
22:44:49: FBO PF_X8B8G8R8 depth/stencil support: D0S0 D0S1 D0S4 D0S8 D0S16 D16S0 D16S1 D16S4 D16S8 D16S16 D24S0 D24S1 D24S4 D24S8 D24S16 D32S0 D32S1 D32S4 D32S8 D32S16 Packed-D24S8 
22:44:49: FBO PF_SHORT_RGBA depth/stencil support: D0S0 D0S1 D0S4 D0S8 D0S16 D16S0 D16S1 D16S4 D16S8 D16S16 D24S0 D24S1 D24S4 D24S8 D24S16 D32S0 D32S1 D32S4 D32S8 D32S16 Packed-D24S8 
22:44:49: FBO PF_R3G3B2 depth/stencil support: D0S0 D0S1 D0S4 D0S8 D0S16 D16S0 D16S1 D16S4 D16S8 D16S16 D24S0 D24S1 D24S4 D24S8 D24S16 D32S0 D32S1 D32S4 D32S8 D32S16 Packed-D24S8 
22:44:49: FBO PF_FLOAT16_R depth/stencil support: D0S0 D0S1 D0S4 D0S8 D0S16 D16S0 D16S1 D16S4 D16S8 D16S16 D24S0 D24S1 D24S4 D24S8 D24S16 D32S0 D32S1 D32S4 D32S8 D32S16 Packed-D24S8 
22:44:49: FBO PF_FLOAT32_R depth/stencil support: D0S0 D0S1 D0S4 D0S8 D0S16 D16S0 D16S1 D16S4 D16S8 D16S16 D24S0 D24S1 D24S4 D24S8 D24S16 D32S0 D32S1 D32S4 D32S8 D32S16 Packed-D24S8 
22:44:49: FBO PF_SHORT_RGB depth/stencil support: D0S0 D0S1 D0S4 D0S8 D0S16 D16S0 D16S1 D16S4 D16S8 D16S16 D24S0 D24S1 D24S4 D24S8 D24S16 D32S0 D32S1 D32S4 D32S8 D32S16 Packed-D24S8 
22:44:49: [GL] : Valid FBO targets PF_UNKNOWN PF_L8 PF_L16 PF_A8 PF_R5G6B5 PF_B5G6R5 PF_A4R4G4B4 PF_A1R5G5B5 PF_R8G8B8 PF_B8G8R8 PF_A8R8G8B8 PF_B8G8R8A8 PF_A2R10G10B10 PF_A2B10G10R10 PF_FLOAT16_RGB PF_FLOAT16_RGBA PF_FLOAT32_RGBA PF_X8R8G8B8 PF_X8B8G8R8 PF_SHORT_RGBA PF_R3G3B2 PF_FLOAT16_R PF_FLOAT32_R PF_SHORT_RGB 
22:44:49: RenderSystem capabilities
22:44:49: -------------------------
22:44:49: RenderSystem Name: OpenGL Rendering Subsystem
22:44:49: GPU Vendor: intel
22:44:49: Device Name: Mesa DRI Intel(R) Ivybridge Mobile 
22:44:49: Driver Version: 3.0.0.0
22:44:49:  * Fixed function pipeline: yes
22:44:49:  * Hardware generation of mipmaps: no
22:44:49:  * Texture blending: yes
22:44:49:  * Anisotropic texture filtering: yes
22:44:49:  * Dot product texture operation: yes
22:44:49:  * Cube mapping: yes
22:44:49:  * Hardware stencil buffer: yes
22:44:49:    - Stencil depth: 8
22:44:49:    - Two sided stencil support: yes
22:44:49:    - Wrap stencil values: yes
22:44:49:  * Hardware vertex / index buffers: yes
22:44:49:  * Vertex programs: yes
22:44:49:  * Number of floating-point constants for vertex programs: 4096
22:44:49:  * Number of integer constants for vertex programs: 0
22:44:49:  * Number of boolean constants for vertex programs: 0
22:44:49:  * Fragment programs: yes
22:44:49:  * Number of floating-point constants for fragment programs: 4096
22:44:49:  * Number of integer constants for fragment programs: 0
22:44:49:  * Number of boolean constants for fragment programs: 0
22:44:49:  * Geometry programs: no
22:44:49:  * Number of floating-point constants for geometry programs: 0
22:44:49:  * Number of integer constants for geometry programs: 56248
22:44:49:  * Number of boolean constants for geometry programs: 6331
22:44:49:  * Tesselation Hull programs: no
22:44:49:  * Number of floating-point constants for tesselation hull programs: 12855
22:44:49:  * Number of integer constants for tesselation hull programs: 48
22:44:49:  * Number of boolean constants for tesselation hull programs: 0
22:44:49:  * Tesselation Domain programs: no
22:44:49:  * Number of floating-point constants for tesselation domain programs: 0
22:44:49:  * Number of integer constants for tesselation domain programs: 56344
22:44:49:  * Number of boolean constants for tesselation domain programs: 6331
22:44:49:  * Compute programs: no
22:44:49:  * Number of floating-point constants for compute programs: 32525
22:44:49:  * Number of integer constants for compute programs: 0
22:44:49:  * Number of boolean constants for compute programs: 11
22:44:49:  * Supported Shader Profiles: arbfp1 arbvp1 glsl
22:44:49:  * Texture Compression: yes
22:44:49:    - DXT: yes
22:44:49:    - VTC: no
22:44:49:    - PVRTC: no
22:44:49:    - ATC: no
22:44:49:    - ETC1: no
22:44:49:    - ETC2: no
22:44:49:    - BC4/BC5: no
22:44:49:    - BC6H/BC7: no
22:44:49:  * Scissor Rectangle: yes
22:44:49:  * Hardware Occlusion Query: yes
22:44:49:  * User clip planes: yes
22:44:49:  * VET_UBYTE4 vertex element type: yes
22:44:49:  * Infinite far plane projection: yes
22:44:49:  * Hardware render-to-texture: yes
22:44:49:  * Floating point textures: yes
22:44:49:  * Non-power-of-two textures: yes
22:44:49:  * 1d textures: yes
22:44:49:  * Volume textures: yes
22:44:49:  * Multiple Render Targets: 8
22:44:49:    - With different bit depths: yes
22:44:49:  * Point Sprites: yes
22:44:49:  * Extended point parameters: yes
22:44:49:  * Max Point Size: 255
22:44:49:  * Vertex texture fetch: yes
22:44:49:  * Number of world matrices: 0
22:44:49:  * Number of texture units: 16
22:44:49:  * Stencil buffer depth: 8
22:44:49:  * Number of vertex blend matrices: 0
22:44:49:    - Max vertex textures: 16
22:44:49:    - Vertex textures shared: yes
22:44:49:  * Render to Vertex Buffer : no
22:44:49:  * Hardware Atomic Counters: no
22:44:49:  * GL 1.5 without VBO workaround: no
22:44:49:  * Frame Buffer objects: yes
22:44:49:  * Frame Buffer objects (ARB extension): no
22:44:49:  * Frame Buffer objects (ATI extension): no
22:44:49:  * PBuffer support: yes
22:44:49:  * GL 1.5 without HW-occlusion workaround: no
22:44:49:  * Vertex Array Objects: no
22:44:49:  * Separate shader objects: no
22:44:49: DefaultWorkQueue('Root') initialising on thread 0.
22:44:49: DefaultWorkQueue('Root')::WorkerFunc - thread 139694095420056 starting.
22:44:49: Particle Renderer Type 'billboard' registered
22:44:49: SceneManagerFactory for type 'BspSceneManager' registered.
22:44:49: Registering ResourceManager for type BspLevel
22:44:49: DefaultWorkQueue('Root')::WorkerFunc - thread 139694095420488 starting.
22:44:49: DefaultWorkQueue('Root')::WorkerFunc - thread 139694095420200 starting.
22:44:49: DefaultWorkQueue('Root')::WorkerFunc - thread 139694095420344 starting.
22:44:49: SceneManagerFactory for type 'PCZSceneManager' registered.
22:44:49: MovableObjectFactory for type 'PCZLight' registered.
22:44:49: MovableObjectFactory for type 'Portal' registered.
22:44:49: MovableObjectFactory for type 'AntiPortal' registered.
22:44:49: PCZone Factory Type 'ZoneType_Octree' registered
22:44:49: SceneManagerFactory for type 'OctreeSceneManager' registered.
22:44:49: OverlayElementFactory for type Panel registered.
22:44:49: OverlayElementFactory for type BorderPanel registered.
22:44:49: OverlayElementFactory for type TextArea registered.
22:44:49: Registering ResourceManager for type Font
22:44:49: Parsing scripts for resource group Autodetect
22:44:49: Finished parsing scripts for resource group Autodetect
22:44:49: Creating resources for group Autodetect
22:44:49: All done
22:44:49: Parsing scripts for resource group General
22:44:49: Parsing script DualQuaternion.program
22:44:49: OGRE EXCEPTION(7:InternalErrorException): Unable to compile Cg program Ogre/DualQuaternionHardwareSkinningTwoWeightsTwoPhaseCg: The compile returned an error.
DualQuaternion_Common.cg(167) : warning C7019: "blendWgt" is too large for semantic "BLENDWEIGHT", which is size 1
(0) : error C6007: Constant register limit exceeded; more than 96 constant registers needed to compiled program
(0) : error C6007: Constant register limit exceeded; more than 96 constant registers needed to compiled program
(0) : error C6007: Constant register limit exceeded; more than 96 constant registers needed to compiled program
(0) : error C6007: Constant register limit exceeded; more than 96 constant registers needed to compiled program
(0) : error C6007: Constant register limit exceeded; more than 96 constant registers needed to compiled program
(0) : error C6007: Constant register limit exceeded; more than 96 constant registers needed to compiled program
(0) : error C6007: Constant register limit exceeded; more than 96 constant registers needed to compiled program
(0) : error C6007: Constant register limit exceeded; more than 96 constant registers needed to compiled program
 in CgProgram::compileMicrocode at /home/orion996/ogre/PlugIns/CgProgramManager/src/OgreCgProgramManagerDll.cpp (line 67)
22:44:49: High-level program Ogre/DualQuaternionHardwareSkinningTwoWeightsTwoPhaseCg encountered an error during loading and is thus not supported.
OGRE EXCEPTION(7:InternalErrorException): Unable to compile Cg program Ogre/DualQuaternionHardwareSkinningTwoWeightsTwoPhaseCg: The compile returned an error.
DualQuaternion_Common.cg(167) : warning C7019: "blendWgt" is too large for semantic "BLENDWEIGHT", which is size 1
(0) : error C6007: Constant register limit exceeded; more than 96 constant registers needed to compiled program
(0) : error C6007: Constant register limit exceeded; more than 96 constant registers needed to compiled program
(0) : error C6007: Constant register limit exceeded; more than 96 constant registers needed to compiled program
(0) : error C6007: Constant register limit exceeded; more than 96 constant registers needed to compiled program
(0) : error C6007: Constant register limit exceeded; more than 96 constant registers needed to compiled program
(0) : error C6007: Constant register limit exceeded; more than 96 constant registers needed to compiled program
(0) : error C6007: Constant register limit exceeded; more than 96 constant registers needed to compiled program
(0) : error C6007: Constant register limit exceeded; more than 96 constant registers needed to compiled program
 in CgProgram::compileMicrocode at /home/orion996/ogre/PlugIns/CgProgramManager/src/OgreCgProgramManagerDll.cpp (line 67)
22:44:49: OGRE EXCEPTION(2:InvalidParametersException): Named constants have not been initialised, perhaps a compile error. in GpuProgramParameters::_findNamedConstantDefinition at /home/orion996/ogre/OgreMain/src/OgreGpuProgramParams.cpp (line 1709)
22:44:49: Compiler error: invalid parameters in DualQuaternion.program(28): setting of constant failed
22:44:49: Parsing script StdQuad_vp.program
22:44:49: Parsing script Examples.program
22:44:49: Parsing script Instancing.program
22:44:49: Parsing script ShadowCaster.program
22:44:49: Parsing script deferred_post.program
22:44:49: Parsing script GBuffer.program
22:44:49: Parsing script triplanarReference.program
22:44:49: Parsing script SdkTrays.material
22:44:49: Parsing script OgreProfiler.material
22:44:49: Parsing script Tesselation.material
22:44:49: Parsing script InstancingMisc.material
22:44:49: Parsing script VarianceShadowmap.material
22:44:49: Parsing script HW_VTF_LUTInstancing.material
22:44:49: Parsing script Laplace.material
22:44:49: Parsing script HeatVision.material
22:44:49: Parsing script Embossed.material
22:44:49: Parsing script NightVision.material
22:44:49: Parsing script OldMovie.material
22:44:49: Parsing script Examples.material
22:44:49: Parsing script DualQuaternion.material
22:44:49: Parsing script Hurt.material
22:44:49: Parsing script RZR-002.material
22:44:49: Parsing script Examples-Water.material
22:44:49: Parsing script Examples-Advanced.material
22:44:49: Compiler error: object unsupported by render system in Examples-Advanced.material(640): , Shader name: Examples/FresnelRefractReflectPS
22:44:49: Compiler error: object unsupported by render system in Examples-Advanced.material(938): , Shader name: Examples/TextureArrayPSasm
22:44:49: Parsing script OffsetMapping.material
22:44:49: Compiler error: object unsupported by render system in OffsetMapping.material(35): , Shader name: Examples/OffsetMappingPSAsm
22:44:49: Parsing script OldTV.material
22:44:49: Parsing script ShaderInstancing.material
22:44:49: Parsing script instancing.material
22:44:49: Parsing script Ocean.material
22:44:49: Parsing script Ogre.material
22:44:49: Parsing script VTFInstancing.material
22:44:49: Parsing script MRTtest.material
22:44:49: Parsing script IsoSurf.material
22:44:49: Parsing script AdaptivePNTrianglesTessellation.material
22:44:49: Parsing script Bloom.material
22:44:49: Parsing script SharpenEdges.material
22:44:49: Parsing script Glass.material
22:44:49: Parsing script sibenik.material
22:44:49: Parsing script facial.material
22:44:49: Parsing script GLSLSwizzle.material
22:44:49: Parsing script ASMSwizzle.material
22:44:49: Compiler error: object unsupported by render system in ASMSwizzle.material(1): , Shader name: Ogre/GPTest/Swizzle_GP_ASM
22:44:49: Parsing script DOF.material
22:44:49: Parsing script CompositorDemo.material
22:44:49: Parsing script Dither.material
22:44:49: Parsing script Examples-DynTex.material
22:44:49: Parsing script ParticleGS.material
22:44:49: Parsing script BlackAndWhite.material
22:44:49: Parsing script RasterizationOrder.material
22:44:49: Parsing script pssm.material
22:44:49: Parsing script DepthShadowmap.material
22:44:49: Parsing script hdr.material
22:44:49: Parsing script Bloom2.material
22:44:49: Parsing script Halftone.material
22:44:49: Parsing script HWInstancing.material
22:44:49: Parsing script smoke.material
22:44:49: Parsing script Tiling.material
22:44:49: Parsing script Penguin.material
22:44:49: Parsing script Example-Water.material
22:44:49: Parsing script ASCII.material
22:44:49: Parsing script MotionBlur.material
22:44:49: Parsing script ShaderSystem.material
22:44:49: Parsing script RadialBlur.material
22:44:49: Parsing script CGSwizzle.material
22:44:49: Parsing script Posterize.material
22:44:49: Parsing script HW_VTFInstancing.material
22:44:49: Parsing script shadows.material
22:44:49: Parsing script Invert.material
22:44:49: Parsing script deferred_post_minilight.material
22:44:49: Parsing script ssao.material
22:44:49: Parsing script ShadowCaster.material
22:44:49: Parsing script deferreddemo.material
22:44:49: Parsing script deferred_post.material
22:44:49: Parsing script ROOM.material
22:44:49: Parsing script DualQuaternionSkinning_Shadow.material
22:44:49: OGRE EXCEPTION(6:FileNotFoundException): Cannot locate resource DualQuaternionSkinning_Shadow.cg in resource group General or any other group. in ResourceGroupManager::openResource at /home/orion996/ogre/OgreMain/src/OgreResourceGroupManager.cpp (line 756)
22:44:49: High-level program Ogre/RTShader/shadow_caster_dq_ps_cg encountered an error during loading and is thus not supported.
OGRE EXCEPTION(6:FileNotFoundException): Cannot locate resource DualQuaternionSkinning_Shadow.cg in resource group General or any other group. in ResourceGroupManager::openResource at /home/orion996/ogre/OgreMain/src/OgreResourceGroupManager.cpp (line 756)
22:44:49: OGRE EXCEPTION(6:FileNotFoundException): Cannot locate resource DualQuaternionSkinning_Shadow.cg in resource group General or any other group. in ResourceGroupManager::openResource at /home/orion996/ogre/OgreMain/src/OgreResourceGroupManager.cpp (line 756)
22:44:49: High-level program Ogre/RTShader/shadow_caster_dq_skinning_1weight_vs_cg encountered an error during loading and is thus not supported.
OGRE EXCEPTION(6:FileNotFoundException): Cannot locate resource DualQuaternionSkinning_Shadow.cg in resource group General or any other group. in ResourceGroupManager::openResource at /home/orion996/ogre/OgreMain/src/OgreResourceGroupManager.cpp (line 756)
22:44:49: OGRE EXCEPTION(2:InvalidParametersException): Named constants have not been initialised, perhaps a compile error. in GpuProgramParameters::_findNamedConstantDefinition at /home/orion996/ogre/OgreMain/src/OgreGpuProgramParams.cpp (line 1709)
22:44:49: Compiler error: invalid parameters in DualQuaternionSkinning_Shadow.material(149): setting of constant failed
22:44:49: OGRE EXCEPTION(2:InvalidParametersException): Named constants have not been initialised, perhaps a compile error. in GpuProgramParameters::_findNamedConstantDefinition at /home/orion996/ogre/OgreMain/src/OgreGpuProgramParams.cpp (line 1709)
22:44:49: Compiler error: invalid parameters in DualQuaternionSkinning_Shadow.material(150): setting of constant failed
22:44:49: OGRE EXCEPTION(2:InvalidParametersException): Named constants have not been initialised, perhaps a compile error. in GpuProgramParameters::_findNamedConstantDefinition at /home/orion996/ogre/OgreMain/src/OgreGpuProgramParams.cpp (line 1709)
22:44:49: Compiler error: invalid parameters in DualQuaternionSkinning_Shadow.material(151): setting of constant failed
22:44:49: OGRE EXCEPTION(6:FileNotFoundException): Cannot locate resource DualQuaternionSkinning_Shadow.cg in resource group General or any other group. in ResourceGroupManager::openResource at /home/orion996/ogre/OgreMain/src/OgreResourceGroupManager.cpp (line 756)
22:44:49: High-level program Ogre/RTShader/shadow_caster_dq_skinning_2weight_vs_cg encountered an error during loading and is thus not supported.
OGRE EXCEPTION(6:FileNotFoundException): Cannot locate resource DualQuaternionSkinning_Shadow.cg in resource group General or any other group. in ResourceGroupManager::openResource at /home/orion996/ogre/OgreMain/src/OgreResourceGroupManager.cpp (line 756)
22:44:49: OGRE EXCEPTION(2:InvalidParametersException): Named constants have not been initialised, perhaps a compile error. in GpuProgramParameters::_findNamedConstantDefinition at /home/orion996/ogre/OgreMain/src/OgreGpuProgramParams.cpp (line 1709)
22:44:49: Compiler error: invalid parameters in DualQuaternionSkinning_Shadow.material(165): setting of constant failed
22:44:49: OGRE EXCEPTION(2:InvalidParametersException): Named constants have not been initialised, perhaps a compile error. in GpuProgramParameters::_findNamedConstantDefinition at /home/orion996/ogre/OgreMain/src/OgreGpuProgramParams.cpp (line 1709)
22:44:49: Compiler error: invalid parameters in DualQuaternionSkinning_Shadow.material(166): setting of constant failed
22:44:49: OGRE EXCEPTION(2:InvalidParametersException): Named constants have not been initialised, perhaps a compile error. in GpuProgramParameters::_findNamedConstantDefinition at /home/orion996/ogre/OgreMain/src/OgreGpuProgramParams.cpp (line 1709)
22:44:49: Compiler error: invalid parameters in DualQuaternionSkinning_Shadow.material(167): setting of constant failed
22:44:49: OGRE EXCEPTION(6:FileNotFoundException): Cannot locate resource DualQuaternionSkinning_Shadow.cg in resource group General or any other group. in ResourceGroupManager::openResource at /home/orion996/ogre/OgreMain/src/OgreResourceGroupManager.cpp (line 756)
22:44:49: High-level program Ogre/RTShader/shadow_caster_dq_skinning_3weight_vs_cg encountered an error during loading and is thus not supported.
OGRE EXCEPTION(6:FileNotFoundException): Cannot locate resource DualQuaternionSkinning_Shadow.cg in resource group General or any other group. in ResourceGroupManager::openResource at /home/orion996/ogre/OgreMain/src/OgreResourceGroupManager.cpp (line 756)
22:44:49: OGRE EXCEPTION(2:InvalidParametersException): Named constants have not been initialised, perhaps a compile error. in GpuProgramParameters::_findNamedConstantDefinition at /home/orion996/ogre/OgreMain/src/OgreGpuProgramParams.cpp (line 1709)
22:44:49: Compiler error: invalid parameters in DualQuaternionSkinning_Shadow.material(180): setting of constant failed
22:44:49: OGRE EXCEPTION(2:InvalidParametersException): Named constants have not been initialised, perhaps a compile error. in GpuProgramParameters::_findNamedConstantDefinition at /home/orion996/ogre/OgreMain/src/OgreGpuProgramParams.cpp (line 1709)
22:44:49: Compiler error: invalid parameters in DualQuaternionSkinning_Shadow.material(181): setting of constant failed
22:44:49: OGRE EXCEPTION(2:InvalidParametersException): Named constants have not been initialised, perhaps a compile error. in GpuProgramParameters::_findNamedConstantDefinition at /home/orion996/ogre/OgreMain/src/OgreGpuProgramParams.cpp (line 1709)
22:44:49: Compiler error: invalid parameters in DualQuaternionSkinning_Shadow.material(182): setting of constant failed
22:44:49: OGRE EXCEPTION(6:FileNotFoundException): Cannot locate resource DualQuaternionSkinning_Shadow.cg in resource group General or any other group. in ResourceGroupManager::openResource at /home/orion996/ogre/OgreMain/src/OgreResourceGroupManager.cpp (line 756)
22:44:49: High-level program Ogre/RTShader/shadow_caster_dq_skinning_4weight_vs_cg encountered an error during loading and is thus not supported.
OGRE EXCEPTION(6:FileNotFoundException): Cannot locate resource DualQuaternionSkinning_Shadow.cg in resource group General or any other group. in ResourceGroupManager::openResource at /home/orion996/ogre/OgreMain/src/OgreResourceGroupManager.cpp (line 756)
22:44:49: OGRE EXCEPTION(2:InvalidParametersException): Named constants have not been initialised, perhaps a compile error. in GpuProgramParameters::_findNamedConstantDefinition at /home/orion996/ogre/OgreMain/src/OgreGpuProgramParams.cpp (line 1709)
22:44:49: Compiler error: invalid parameters in DualQuaternionSkinning_Shadow.material(196): setting of constant failed
22:44:49: OGRE EXCEPTION(2:InvalidParametersException): Named constants have not been initialised, perhaps a compile error. in GpuProgramParameters::_findNamedConstantDefinition at /home/orion996/ogre/OgreMain/src/OgreGpuProgramParams.cpp (line 1709)
22:44:49: Compiler error: invalid parameters in DualQuaternionSkinning_Shadow.material(197): setting of constant failed
22:44:49: OGRE EXCEPTION(2:InvalidParametersException): Named constants have not been initialised, perhaps a compile error. in GpuProgramParameters::_findNamedConstantDefinition at /home/orion996/ogre/OgreMain/src/OgreGpuProgramParams.cpp (line 1709)
22:44:49: Compiler error: invalid parameters in DualQuaternionSkinning_Shadow.material(198): setting of constant failed
22:44:49: OGRE EXCEPTION(6:FileNotFoundException): Cannot locate resource DualQuaternionSkinning_Shadow.cg in resource group General or any other group. in ResourceGroupManager::openResource at /home/orion996/ogre/OgreMain/src/OgreResourceGroupManager.cpp (line 756)
22:44:49: High-level program Ogre/RTShader/shadow_caster_dq_skinning_1weight_twophase_vs_cg encountered an error during loading and is thus not supported.
OGRE EXCEPTION(6:FileNotFoundException): Cannot locate resource DualQuaternionSkinning_Shadow.cg in resource group General or any other group. in ResourceGroupManager::openResource at /home/orion996/ogre/OgreMain/src/OgreResourceGroupManager.cpp (line 756)
22:44:49: OGRE EXCEPTION(2:InvalidParametersException): Named constants have not been initialised, perhaps a compile error. in GpuProgramParameters::_findNamedConstantDefinition at /home/orion996/ogre/OgreMain/src/OgreGpuProgramParams.cpp (line 1709)
22:44:49: Compiler error: invalid parameters in DualQuaternionSkinning_Shadow.material(211): setting of constant failed
22:44:49: OGRE EXCEPTION(2:InvalidParametersException): Named constants have not been initialised, perhaps a compile error. in GpuProgramParameters::_findNamedConstantDefinition at /home/orion996/ogre/OgreMain/src/OgreGpuProgramParams.cpp (line 1709)
22:44:49: Compiler error: invalid parameters in DualQuaternionSkinning_Shadow.material(212): setting of constant failed
22:44:49: OGRE EXCEPTION(2:InvalidParametersException): Named constants have not been initialised, perhaps a compile error. in GpuProgramParameters::_findNamedConstantDefinition at /home/orion996/ogre/OgreMain/src/OgreGpuProgramParams.cpp (line 1709)
22:44:49: Compiler error: invalid parameters in DualQuaternionSkinning_Shadow.material(213): setting of constant failed
22:44:49: OGRE EXCEPTION(2:InvalidParametersException): Named constants have not been initialised, perhaps a compile error. in GpuProgramParameters::_findNamedConstantDefinition at /home/orion996/ogre/OgreMain/src/OgreGpuProgramParams.cpp (line 1709)
22:44:49: Compiler error: invalid parameters in DualQuaternionSkinning_Shadow.material(214): setting of constant failed
22:44:49: OGRE EXCEPTION(6:FileNotFoundException): Cannot locate resource DualQuaternionSkinning_Shadow.cg in resource group General or any other group. in ResourceGroupManager::openResource at /home/orion996/ogre/OgreMain/src/OgreResourceGroupManager.cpp (line 756)
22:44:49: High-level program Ogre/RTShader/shadow_caster_dq_skinning_2weight_twophase_vs_cg encountered an error during loading and is thus not supported.
OGRE EXCEPTION(6:FileNotFoundException): Cannot locate resource DualQuaternionSkinning_Shadow.cg in resource group General or any other group. in ResourceGroupManager::openResource at /home/orion996/ogre/OgreMain/src/OgreResourceGroupManager.cpp (line 756)
22:44:49: OGRE EXCEPTION(2:InvalidParametersException): Named constants have not been initialised, perhaps a compile error. in GpuProgramParameters::_findNamedConstantDefinition at /home/orion996/ogre/OgreMain/src/OgreGpuProgramParams.cpp (line 1709)
22:44:49: Compiler error: invalid parameters in DualQuaternionSkinning_Shadow.material(228): setting of constant failed
22:44:49: OGRE EXCEPTION(2:InvalidParametersException): Named constants have not been initialised, perhaps a compile error. in GpuProgramParameters::_findNamedConstantDefinition at /home/orion996/ogre/OgreMain/src/OgreGpuProgramParams.cpp (line 1709)
22:44:49: Compiler error: invalid parameters in DualQuaternionSkinning_Shadow.material(229): setting of constant failed
22:44:49: OGRE EXCEPTION(2:InvalidParametersException): Named constants have not been initialised, perhaps a compile error. in GpuProgramParameters::_findNamedConstantDefinition at /home/orion996/ogre/OgreMain/src/OgreGpuProgramParams.cpp (line 1709)
22:44:49: Compiler error: invalid parameters in DualQuaternionSkinning_Shadow.material(230): setting of constant failed
22:44:49: OGRE EXCEPTION(2:InvalidParametersException): Named constants have not been initialised, perhaps a compile error. in GpuProgramParameters::_findNamedConstantDefinition at /home/orion996/ogre/OgreMain/src/OgreGpuProgramParams.cpp (line 1709)
22:44:49: Compiler error: invalid parameters in DualQuaternionSkinning_Shadow.material(231): setting of constant failed
22:44:49: Parsing script TriplanarTexturing.material
22:44:49: Compiler error: unknown error in TriplanarTexturing.material(9): token "rtshader_system" is not recognized
22:44:49: Parsing script RTShaderSystem.material
22:44:49: Compiler error: unknown error in RTShaderSystem.material(23): token "rtshader_system" is not recognized
22:44:49: Compiler error: unknown error in RTShaderSystem.material(52): token "rtshader_system" is not recognized
22:44:49: Compiler error: unknown error in RTShaderSystem.material(81): token "rtshader_system" is not recognized
22:44:49: Compiler error: unknown error in RTShaderSystem.material(110): token "rtshader_system" is not recognized
22:44:49: Compiler error: unknown error in RTShaderSystem.material(146): token "rtshader_system" is not recognized
22:44:49: Compiler error: unknown error in RTShaderSystem.material(81): token "rtshader_system" is not recognized
22:44:49: Compiler error: unknown error in RTShaderSystem.material(162): token "rtshader_system" is not recognized
22:44:49: Compiler error: unknown error in RTShaderSystem.material(81): token "rtshader_system" is not recognized
22:44:49: Compiler error: unknown error in RTShaderSystem.material(110): token "rtshader_system" is not recognized
22:44:49: Compiler error: unknown error in RTShaderSystem.material(211): token "rtshader_system" is not recognized
22:44:49: Parsing script HardwareSkinningShadow.material
22:44:49: OGRE EXCEPTION(6:FileNotFoundException): Cannot locate resource HardwareSkinningShadow.cg in resource group General or any other group. in ResourceGroupManager::openResource at /home/orion996/ogre/OgreMain/src/OgreResourceGroupManager.cpp (line 756)
22:44:49: High-level program Ogre/RTShader/shadow_caster_ps_cg encountered an error during loading and is thus not supported.
OGRE EXCEPTION(6:FileNotFoundException): Cannot locate resource HardwareSkinningShadow.cg in resource group General or any other group. in ResourceGroupManager::openResource at /home/orion996/ogre/OgreMain/src/OgreResourceGroupManager.cpp (line 756)
22:44:49: OGRE EXCEPTION(6:FileNotFoundException): Cannot locate resource HardwareSkinningShadow.cg in resource group General or any other group. in ResourceGroupManager::openResource at /home/orion996/ogre/OgreMain/src/OgreResourceGroupManager.cpp (line 756)
22:44:49: High-level program Ogre/RTShader/shadow_caster_skinning_1weight_vs encountered an error during loading and is thus not supported.
OGRE EXCEPTION(6:FileNotFoundException): Cannot locate resource HardwareSkinningShadow.cg in resource group General or any other group. in ResourceGroupManager::openResource at /home/orion996/ogre/OgreMain/src/OgreResourceGroupManager.cpp (line 756)
22:44:49: OGRE EXCEPTION(2:InvalidParametersException): Named constants have not been initialised, perhaps a compile error. in GpuProgramParameters::_findNamedConstantDefinition at /home/orion996/ogre/OgreMain/src/OgreGpuProgramParams.cpp (line 1709)
22:44:49: Compiler error: invalid parameters in HardwareSkinningShadow.material(29): setting of constant failed
22:44:49: OGRE EXCEPTION(2:InvalidParametersException): Named constants have not been initialised, perhaps a compile error. in GpuProgramParameters::_findNamedConstantDefinition at /home/orion996/ogre/OgreMain/src/OgreGpuProgramParams.cpp (line 1709)
22:44:49: Compiler error: invalid parameters in HardwareSkinningShadow.material(30): setting of constant failed
22:44:49: OGRE EXCEPTION(6:FileNotFoundException): Cannot locate resource HardwareSkinningShadow.cg in resource group General or any other group. in ResourceGroupManager::openResource at /home/orion996/ogre/OgreMain/src/OgreResourceGroupManager.cpp (line 756)
22:44:49: High-level program Ogre/RTShader/shadow_caster_skinning_2weight_vs_cg encountered an error during loading and is thus not supported.
OGRE EXCEPTION(6:FileNotFoundException): Cannot locate resource HardwareSkinningShadow.cg in resource group General or any other group. in ResourceGroupManager::openResource at /home/orion996/ogre/OgreMain/src/OgreResourceGroupManager.cpp (line 756)
22:44:49: OGRE EXCEPTION(2:InvalidParametersException): Named constants have not been initialised, perhaps a compile error. in GpuProgramParameters::_findNamedConstantDefinition at /home/orion996/ogre/OgreMain/src/OgreGpuProgramParams.cpp (line 1709)
22:44:49: Compiler error: invalid parameters in HardwareSkinningShadow.material(43): setting of constant failed
22:44:49: OGRE EXCEPTION(2:InvalidParametersException): Named constants have not been initialised, perhaps a compile error. in GpuProgramParameters::_findNamedConstantDefinition at /home/orion996/ogre/OgreMain/src/OgreGpuProgramParams.cpp (line 1709)
22:44:49: Compiler error: invalid parameters in HardwareSkinningShadow.material(44): setting of constant failed
22:44:49: OGRE EXCEPTION(6:FileNotFoundException): Cannot locate resource HardwareSkinningShadow.cg in resource group General or any other group. in ResourceGroupManager::openResource at /home/orion996/ogre/OgreMain/src/OgreResourceGroupManager.cpp (line 756)
22:44:49: High-level program Ogre/RTShader/shadow_caster_skinning_3weight_vs encountered an error during loading and is thus not supported.
OGRE EXCEPTION(6:FileNotFoundException): Cannot locate resource HardwareSkinningShadow.cg in resource group General or any other group. in ResourceGroupManager::openResource at /home/orion996/ogre/OgreMain/src/OgreResourceGroupManager.cpp (line 756)
22:44:49: OGRE EXCEPTION(2:InvalidParametersException): Named constants have not been initialised, perhaps a compile error. in GpuProgramParameters::_findNamedConstantDefinition at /home/orion996/ogre/OgreMain/src/OgreGpuProgramParams.cpp (line 1709)
22:44:49: Compiler error: invalid parameters in HardwareSkinningShadow.material(57): setting of constant failed
22:44:49: OGRE EXCEPTION(2:InvalidParametersException): Named constants have not been initialised, perhaps a compile error. in GpuProgramParameters::_findNamedConstantDefinition at /home/orion996/ogre/OgreMain/src/OgreGpuProgramParams.cpp (line 1709)
22:44:49: Compiler error: invalid parameters in HardwareSkinningShadow.material(58): setting of constant failed
22:44:49: OGRE EXCEPTION(6:FileNotFoundException): Cannot locate resource HardwareSkinningShadow.cg in resource group General or any other group. in ResourceGroupManager::openResource at /home/orion996/ogre/OgreMain/src/OgreResourceGroupManager.cpp (line 756)
22:44:49: High-level program Ogre/RTShader/shadow_caster_skinning_4weight_vs encountered an error during loading and is thus not supported.
OGRE EXCEPTION(6:FileNotFoundException): Cannot locate resource HardwareSkinningShadow.cg in resource group General or any other group. in ResourceGroupManager::openResource at /home/orion996/ogre/OgreMain/src/OgreResourceGroupManager.cpp (line 756)
22:44:49: OGRE EXCEPTION(2:InvalidParametersException): Named constants have not been initialised, perhaps a compile error. in GpuProgramParameters::_findNamedConstantDefinition at /home/orion996/ogre/OgreMain/src/OgreGpuProgramParams.cpp (line 1709)
22:44:49: Compiler error: invalid parameters in HardwareSkinningShadow.material(72): setting of constant failed
22:44:49: OGRE EXCEPTION(2:InvalidParametersException): Named constants have not been initialised, perhaps a compile error. in GpuProgramParameters::_findNamedConstantDefinition at /home/orion996/ogre/OgreMain/src/OgreGpuProgramParams.cpp (line 1709)
22:44:49: Compiler error: invalid parameters in HardwareSkinningShadow.material(73): setting of constant failed
22:44:49: OGRE EXCEPTION(6:FileNotFoundException): Cannot locate resource HardwareSkinningShadow.cg in resource group General or any other group. in ResourceGroupManager::openResource at /home/orion996/ogre/OgreMain/src/OgreResourceGroupManager.cpp (line 756)
22:44:49: High-level program Ogre/RTShader/shadow_receiver_vs encountered an error during loading and is thus not supported.
OGRE EXCEPTION(6:FileNotFoundException): Cannot locate resource HardwareSkinningShadow.cg in resource group General or any other group. in ResourceGroupManager::openResource at /home/orion996/ogre/OgreMain/src/OgreResourceGroupManager.cpp (line 756)
22:44:49: OGRE EXCEPTION(2:InvalidParametersException): Named constants have not been initialised, perhaps a compile error. in GpuProgramParameters::_findNamedConstantDefinition at /home/orion996/ogre/OgreMain/src/OgreGpuProgramParams.cpp (line 1709)
22:44:49: Compiler error: invalid parameters in HardwareSkinningShadow.material(206): setting of constant failed
22:44:49: OGRE EXCEPTION(6:FileNotFoundException): Cannot locate resource HardwareSkinningShadow.cg in resource group General or any other group. in ResourceGroupManager::openResource at /home/orion996/ogre/OgreMain/src/OgreResourceGroupManager.cpp (line 756)
22:44:49: High-level program Ogre/RTShader/shadow_receiver_ps encountered an error during loading and is thus not supported.
OGRE EXCEPTION(6:FileNotFoundException): Cannot locate resource HardwareSkinningShadow.cg in resource group General or any other group. in ResourceGroupManager::openResource at /home/orion996/ogre/OgreMain/src/OgreResourceGroupManager.cpp (line 756)
22:44:49: Parsing script SSAOPost.material
22:44:49: Parsing script Modulate.material
22:44:49: Parsing script CreaseShading.material
22:44:49: Parsing script HemisphereMC.material
22:44:50: Parsing script Volumetric.material
22:44:50: Parsing script ShowNormals.material
22:44:50: Parsing script Crytek.material
22:44:50: Parsing script UnsharpMask.material
22:44:50: Parsing script ShowDepth.material
22:44:50: Parsing script ShowViewPos.material
22:44:50: Parsing script GBuffer.material
22:44:50: Parsing script HorizonBased.material
22:44:50: Parsing script triplanarReference.material
22:44:50: Parsing script sky.material
22:44:50: Parsing script floor.material
22:44:50: Parsing script wall.material
22:44:50: Parsing script Material.002.material
22:44:50: Parsing script Material.006.material
22:44:50: Parsing script Material.001.material
22:44:50: Parsing script Material.008.material
22:44:50: Parsing script Material.005.material
22:44:50: Parsing script Material.007.material
22:44:50: Parsing script Material.004.material
22:44:50: Parsing script Material.000.material
22:44:50: Parsing script Material.009.material
22:44:50: Parsing script Material.003.material
22:44:50: Parsing script Material.010.material
22:44:50: Parsing script RomanBath.material
22:44:50: Parsing script Sinbad.material
22:44:50: Parsing script Examples.particle
22:44:50: Parsing script smoke.particle
22:44:50: Parsing script Examples-Water.particle
22:44:50: Parsing script emitted_emitter.particle
22:44:50: Parsing script Examples.compositor
22:44:50: Parsing script deferred.compositor
22:44:50: Parsing script ssao.compositor
22:44:50: Parsing script SSAO.compositor
22:44:50: Parsing script SSAOPost.compositor
22:44:50: Parsing script SdkTrays.fontdef
22:44:50: Parsing script SdkTrays.overlay
22:44:50: Texture: sdk_cursor.png: Loading 1 faces(PF_A8R8G8B8,32x32x1) with 5 generated mipmaps from Image. Internal format is PF_A8R8G8B8,32x32x1.
22:44:50: Texture: sdk_tray.png: Loading 1 faces(PF_A8R8G8B8,64x64x1) with 5 generated mipmaps from Image. Internal format is PF_A8R8G8B8,64x64x1.
22:44:50: Texture: sdk_button_up.png: Loading 1 faces(PF_A8R8G8B8,128x32x1) with 5 generated mipmaps from Image. Internal format is PF_A8R8G8B8,128x32x1.
22:44:50: Texture: sdk_text_box.png: Loading 1 faces(PF_A8R8G8B8,32x32x1) with 5 generated mipmaps from Image. Internal format is PF_A8R8G8B8,32x32x1.
22:44:50: Texture: sdk_mini_tray.png: Loading 1 faces(PF_A8R8G8B8,32x32x1) with 5 generated mipmaps from Image. Internal format is PF_A8R8G8B8,32x32x1.
22:44:50: Texture: sdk_track.png: Loading 1 faces(PF_A8R8G8B8,16x32x1) with 5 generated mipmaps from Image. Internal format is PF_A8R8G8B8,16x32x1.
22:44:50: Texture: sdk_handle.png: Loading 1 faces(PF_A8R8G8B8,16x16x1) with 4 generated mipmaps from Image. Internal format is PF_A8R8G8B8,16x16x1.
22:44:50: Texture: sdk_mini_text_box.png: Loading 1 faces(PF_A8R8G8B8,32x32x1) with 5 generated mipmaps from Image. Internal format is PF_A8R8G8B8,32x32x1.
22:44:50: Texture: sdk_label.png: Loading 1 faces(PF_A8R8G8B8,32x32x1) with 5 generated mipmaps from Image. Internal format is PF_A8R8G8B8,32x32x1.
22:44:50: Texture: sdk_separator.png: Loading 1 faces(PF_A8R8G8B8,64x16x1) with 5 generated mipmaps from Image. Internal format is PF_A8R8G8B8,64x16x1.
22:44:50: Texture: sdk_logo.png: Loading 1 faces(PF_A8R8G8B8,128x64x1) with 5 generated mipmaps from Image. Internal format is PF_A8R8G8B8,128x64x1.
22:44:50: Texture: sdk_shade.png: Loading 1 faces(PF_A8R8G8B8,64x48x1) with 5 generated mipmaps from Image. Internal format is PF_A8R8G8B8,64x48x1.
22:44:50: Texture: sdk_frame.png: Loading 1 faces(PF_A8R8G8B8,32x32x1) with 5 generated mipmaps from Image. Internal format is PF_A8R8G8B8,32x32x1.
22:44:50: Texture: sdk_mini_text_box_over.png: Loading 1 faces(PF_A8R8G8B8,32x32x1) with 5 generated mipmaps from Image. Internal format is PF_A8R8G8B8,32x32x1.
22:44:50: Texture: sdk_pulse.png: Loading 1 faces(PF_R8G8B8,8x1x1) with 3 generated mipmaps from Image. Internal format is PF_X8R8G8B8,8x1x1.
22:44:50: Finished parsing scripts for resource group General
22:44:50: Creating resources for group General
22:44:50: All done
22:44:50: Parsing scripts for resource group Internal
22:44:50: Finished parsing scripts for resource group Internal
22:44:50: Creating resources for group Internal
22:44:50: All done
22:44:50: Texture: floor.jpg: Loading 1 faces(PF_R8G8B8,900x600x1) with 5 generated mipmaps from Image. Internal format is PF_X8R8G8B8,900x600x1.
22:44:50: Texture: wall.jpg: Loading 1 faces(PF_R8G8B8,500x333x1) with 5 generated mipmaps from Image. Internal format is PF_X8R8G8B8,500x333x1.
22:44:50: Texture: morning_fr.jpg: Loading 1 faces(PF_R8G8B8,512x512x1) with 5 generated mipmaps from Image. Internal format is PF_X8R8G8B8,512x512x1.
22:44:50: Texture: morning_bk.jpg: Loading 1 faces(PF_R8G8B8,512x512x1) with 5 generated mipmaps from Image. Internal format is PF_X8R8G8B8,512x512x1.
22:44:50: Texture: morning_lf.jpg: Loading 1 faces(PF_R8G8B8,512x512x1) with 5 generated mipmaps from Image. Internal format is PF_X8R8G8B8,512x512x1.
22:44:50: Texture: morning_rt.jpg: Loading 1 faces(PF_R8G8B8,512x512x1) with 5 generated mipmaps from Image. Internal format is PF_X8R8G8B8,512x512x1.
22:44:50: Texture: morning_up.jpg: Loading 1 faces(PF_R8G8B8,512x512x1) with 5 generated mipmaps from Image. Internal format is PF_X8R8G8B8,512x512x1.
22:44:50: Texture: morning_dn.jpg: Loading 1 faces(PF_R8G8B8,512x512x1) with 5 generated mipmaps from Image. Internal format is PF_X8R8G8B8,512x512x1.
22:44:50: Mesh: Loading redSkin_lightblueShirt.mesh.
22:44:50: Mesh: Loading blackHat.mesh.
22:44:50: Mesh: Loading yellowSkin_redShirt.mesh.
22:44:50: Mesh: Loading purpleSkin_redShirt.mesh.
22:44:50: Mesh: Loading greenSkin_whiteShirt.mesh.
22:44:50: Mesh: Loading yellowHat.mesh.
22:44:50: Mesh: Loading redSkin_orangeShirt.mesh.
22:44:50: Mesh: Loading yellowSkin_whiteShirt.mesh.
22:44:50: Mesh: Loading redSkin_redShirt.mesh.
22:44:50: Mesh: Loading redHat.mesh.
22:44:50: Mesh: Loading yellowSkin_blackShirt.mesh.
22:44:50: Mesh: Loading redSkin_blackShirt.mesh.
22:44:50: Mesh: Loading yellowSkin_lightblueShirt.mesh.
22:44:50: Mesh: Loading redSkin_whiteShirt.mesh.
22:44:50: Mesh: Loading greenSkin_lightblueShirt.mesh.
22:44:50: Mesh: Loading purpleSkin_blackShirt.mesh.
22:44:50: Mesh: Loading purpleHat.mesh.
22:44:50: Mesh: Loading purpleSkin_lightblueShirt.mesh.
22:44:50: Mesh: Loading blueSkin_whiteShirt.mesh.
22:44:50: Font SdkTrays/Caption using texture size 512x256
22:44:50: Info: Freetype returned null for character 160 in font SdkTrays/Caption
22:44:50: Texture: SdkTrays/CaptionTexture: Loading 1 faces(PF_BYTE_LA,512x256x1) with 0 generated mipmaps from Image. Internal format is PF_BYTE_LA,512x256x1.
22:44:50: Font SdkTrays/Value using texture size 512x256
22:44:50: Info: Freetype returned null for character 127 in font SdkTrays/Value
22:44:50: Info: Freetype returned null for character 128 in font SdkTrays/Value
22:44:50: Info: Freetype returned null for character 129 in font SdkTrays/Value
22:44:50: Info: Freetype returned null for character 130 in font SdkTrays/Value
22:44:50: Info: Freetype returned null for character 131 in font SdkTrays/Value
22:44:50: Info: Freetype returned null for character 132 in font SdkTrays/Value
22:44:50: Info: Freetype returned null for character 133 in font SdkTrays/Value
22:44:50: Info: Freetype returned null for character 134 in font SdkTrays/Value
22:44:50: Info: Freetype returned null for character 135 in font SdkTrays/Value
22:44:50: Info: Freetype returned null for character 136 in font SdkTrays/Value
22:44:50: Info: Freetype returned null for character 137 in font SdkTrays/Value
22:44:50: Info: Freetype returned null for character 138 in font SdkTrays/Value
22:44:50: Info: Freetype returned null for character 139 in font SdkTrays/Value
22:44:50: Info: Freetype returned null for character 140 in font SdkTrays/Value
22:44:50: Info: Freetype returned null for character 141 in font SdkTrays/Value
22:44:50: Info: Freetype returned null for character 142 in font SdkTrays/Value
22:44:50: Info: Freetype returned null for character 143 in font SdkTrays/Value
22:44:50: Info: Freetype returned null for character 144 in font SdkTrays/Value
22:44:50: Info: Freetype returned null for character 145 in font SdkTrays/Value
22:44:50: Info: Freetype returned null for character 146 in font SdkTrays/Value
22:44:50: Info: Freetype returned null for character 147 in font SdkTrays/Value
22:44:50: Info: Freetype returned null for character 148 in font SdkTrays/Value
22:44:50: Info: Freetype returned null for character 149 in font SdkTrays/Value
22:44:50: Info: Freetype returned null for character 150 in font SdkTrays/Value
22:44:50: Info: Freetype returned null for character 151 in font SdkTrays/Value
22:44:50: Info: Freetype returned null for character 152 in font SdkTrays/Value
22:44:50: Info: Freetype returned null for character 153 in font SdkTrays/Value
22:44:50: Info: Freetype returned null for character 154 in font SdkTrays/Value
22:44:50: Info: Freetype returned null for character 155 in font SdkTrays/Value
22:44:50: Info: Freetype returned null for character 156 in font SdkTrays/Value
22:44:50: Info: Freetype returned null for character 157 in font SdkTrays/Value
22:44:50: Info: Freetype returned null for character 158 in font SdkTrays/Value
22:44:50: Info: Freetype returned null for character 159 in font SdkTrays/Value
22:44:50: Info: Freetype returned null for character 160 in font SdkTrays/Value
22:44:50: Texture: SdkTrays/ValueTexture: Loading 1 faces(PF_BYTE_LA,512x256x1) with 0 generated mipmaps from Image. Internal format is PF_BYTE_LA,512x256x1.
22:44:51: Texture: sdk_button_over.png: Loading 1 faces(PF_A8R8G8B8,128x32x1) with 5 generated mipmaps from Image. Internal format is PF_A8R8G8B8,128x32x1.
22:44:51: Texture: sdk_button_down.png: Loading 1 faces(PF_A8R8G8B8,128x32x1) with 5 generated mipmaps from Image. Internal format is PF_A8R8G8B8,128x32x1.
22:44:51: Mesh: Loading glock.mesh.
22:45:01: DefaultWorkQueue('Root') shutting down on thread 0.
22:45:01: DefaultWorkQueue('Root')::WorkerFunc - thread 139694095420056 stopped.
22:45:01: DefaultWorkQueue('Root')::WorkerFunc - thread 139694095420200 stopped.
22:45:01: DefaultWorkQueue('Root')::WorkerFunc - thread 139694095420488 stopped.
22:45:01: DefaultWorkQueue('Root')::WorkerFunc - thread 139694095420344 stopped.
22:45:01: PCZone Factory Type 'ZoneType_Octree' unregistered
22:45:01: Unregistering ResourceManager for type BspLevel
22:45:01: *-*-* OGRE Shutdown
