13:50:35 **** Incremental Build of configuration Debug for project ONE ****
make all 
Building file: ../src/InputMgr.cpp
Invoking: GCC C++ Compiler
g++ -I/usr/local/include/OGRE -I/usr/include/audio -I/usr/include/AL -I/usr/local/lib/cegui-0.8 -I"/home/orion996/Documents/CS/CS381FinalProject/ONE/inc" -I/usr/local/include/OGRE/Overlay -I/usr/include/OIS -O0 -g3 -Wall -c -fmessage-length=0 -MMD -MP -MF"src/InputMgr.d" -MT"src/InputMgr.d" -o "src/InputMgr.o" "../src/InputMgr.cpp"
In file included from /home/orion996/Documents/CS/CS381FinalProject/ONE/inc/InputMgr.h:23:0,
                 from ../src/InputMgr.cpp:10:
/home/orion996/Documents/CS/CS381FinalProject/ONE/inc/UnitAI.h:47:21: warning: non-static data member initializers only available with -std=c++11 or -std=gnu++11
  float boundConst = 15.0;
                     ^
In file included from /home/orion996/Documents/CS/CS381FinalProject/ONE/inc/SoundMgr.h:25:0,
                 from /home/orion996/Documents/CS/CS381FinalProject/ONE/inc/InputMgr.h:25,
                 from ../src/InputMgr.cpp:10:
/home/orion996/Documents/CS/CS381FinalProject/ONE/inc/Entity381.h:40:20: warning: non-static data member initializers only available with -std=c++11 or -std=gnu++11
   bool destroyed = false;
                    ^
In file included from ../src/InputMgr.cpp:10:0:
/home/orion996/Documents/CS/CS381FinalProject/ONE/inc/InputMgr.h:68:21: warning: non-static data member initializers only available with -std=c++11 or -std=gnu++11
  bool bulletFired = false;
                     ^
/home/orion996/Documents/CS/CS381FinalProject/ONE/inc/InputMgr.h:69:21: warning: non-static data member initializers only available with -std=c++11 or -std=gnu++11
  bool gameStarted = false;
                     ^
/home/orion996/Documents/CS/CS381FinalProject/ONE/inc/InputMgr.h:70:20: warning: non-static data member initializers only available with -std=c++11 or -std=gnu++11
  bool timerStart = false;
                    ^
/home/orion996/Documents/CS/CS381FinalProject/ONE/inc/InputMgr.h:71:19: warning: non-static data member initializers only available with -std=c++11 or -std=gnu++11
  bool isSpotted = false;
                   ^
/home/orion996/Documents/CS/CS381FinalProject/ONE/inc/InputMgr.h:76:17: warning: non-static data member initializers only available with -std=c++11 or -std=gnu++11
  bool Gunshot = true;
                 ^
/home/orion996/Documents/CS/CS381FinalProject/ONE/inc/InputMgr.h:82:18: warning: non-static data member initializers only available with -std=c++11 or -std=gnu++11
  bool lostGame = false;
                  ^
/home/orion996/Documents/CS/CS381FinalProject/ONE/inc/InputMgr.h:83:17: warning: non-static data member initializers only available with -std=c++11 or -std=gnu++11
  bool winGame = false;
                 ^
/home/orion996/Documents/CS/CS381FinalProject/ONE/inc/InputMgr.h:93:18: warning: non-static data member initializers only available with -std=c++11 or -std=gnu++11
  float keyTime = 0.2f;
                  ^
../src/InputMgr.cpp: In member function ‘virtual bool InputMgr::mousePressed(const OIS::MouseEvent&, OIS::MouseButtonID)’:
../src/InputMgr.cpp:325:25: warning: comparison between signed and unsigned integer expressions [-Wsign-compare]
        for(int i = 2; i < engine->entityMgr->entities.size(); i++)
                         ^
../src/InputMgr.cpp:333:25: warning: comparison between signed and unsigned integer expressions [-Wsign-compare]
        for(int i = 1; i < engine->entityMgr->entities.size(); i++)
                         ^
../src/InputMgr.cpp:283:25: warning: unused variable ‘ms’ [-Wunused-variable]
  const OIS::MouseState &ms = mMouse->getMouseState();
                         ^
Finished building: ../src/InputMgr.cpp
 
Building target: ONE
Invoking: GCC C++ Linker
g++ -L/usr/local/lib -L/usr/lib/x86_64-linux-gnu -o "ONE"  ./src/Aspect.o ./src/Engine.o ./src/Entity381.o ./src/EntityMgr.o ./src/GameMgr.o ./src/GfxMgr.o ./src/InputMgr.o ./src/Mgr.o ./src/Physics2D.o ./src/Physics3D.o ./src/SoundMgr.o ./src/UnitAI.o ./src/Utils.o ./src/main.o   -lOgreMain -lopenal -laudio -lOgreOverlay -lOIS
Finished building target: ONE
 

13:50:39 Build Finished (took 4s.220ms)

